<?xml version="1.0" encoding="UTF-8"?>
<!-- Generated by org.testng.reporters.JUnitXMLReporter -->
<testsuite ignored="0" hostname="User" failures="0" tests="5" name="Default test" time="60.458" errors="0" timestamp="2022-01-10T20:50:21 EST">
  <testcase classname="testPkg.RegistrationTest" name="positiveRegistrationFunctionality" time="4.322"/>
  <testcase classname="testPkg.RegistrationTest" name="positiveRegistrationFunctionality" time="3.765"/>
  <testcase classname="testPkg.RegistrationTest" name="positiveRegistrationFunctionality" time="4.016"/>
  <testcase classname="testPkg.RegistrationTest" name="positiveRegistrationFunctionality" time="3.353"/>
  <testcase classname="testPkg.RegistrationTest" name="positiveRegistrationFunctionality" time="3.322"/>
</testsuite> <!-- Default test -->
