<?xml version="1.0" encoding="UTF-8"?>
<!-- Generated by org.testng.reporters.JUnitXMLReporter -->
<testsuite ignored="0" hostname="User" failures="0" tests="10" name="Regression Test" time="110.489" errors="0" timestamp="2022-01-10T20:55:09 EST">
  <testcase classname="testPkg.LoginTest" name="positiveLoginFunctionalityTestClickingSubmitBtn" time="3.935"/>
  <testcase classname="testPkg.LoginTest" name="positiveLoginFunctionalityTestClickingSubmitBtn" time="3.268"/>
  <testcase classname="testPkg.LoginTest" name="positiveLoginFunctionalityTestClickingSubmitBtn" time="1.969"/>
  <testcase classname="testPkg.LoginTest" name="positiveLoginFunctionalityTestClickingSubmitBtn" time="2.607"/>
  <testcase classname="testPkg.LoginTest" name="positiveLoginFunctionalityTestClickingSubmitBtn" time="2.214"/>
  <testcase classname="testPkg.RegistrationTest" name="positiveRegistrationFunctionality" time="3.042"/>
  <testcase classname="testPkg.RegistrationTest" name="positiveRegistrationFunctionality" time="4.323"/>
  <testcase classname="testPkg.RegistrationTest" name="positiveRegistrationFunctionality" time="4.45"/>
  <testcase classname="testPkg.RegistrationTest" name="positiveRegistrationFunctionality" time="4.042"/>
  <testcase classname="testPkg.RegistrationTest" name="positiveRegistrationFunctionality" time="5.961"/>
</testsuite> <!-- Regression Test -->
