<?xml version="1.0" encoding="UTF-8"?>
<testng-results ignored="0" total="10" passed="10" failed="0" skipped="0">
  <reporter-output>
  </reporter-output>
  <suite started-at="2022-01-10T20:53:19 EST" name="Regression Suite" finished-at="2022-01-10T20:55:09 EST" duration-ms="110489">
    <groups>
    </groups>
    <test started-at="2022-01-10T20:53:19 EST" name="Regression Test" finished-at="2022-01-10T20:55:09 EST" duration-ms="110489">
      <class name="testPkg.LoginTest">
        <test-method is-config="true" signature="launchApp()[pri:0, instance:testPkg.LoginTest@62230c58]" started-at="2022-01-10T20:53:19 EST" name="launchApp" finished-at="2022-01-10T20:53:29 EST" duration-ms="9841" status="PASS">
          <reporter-output>
          </reporter-output>
        </test-method> <!-- launchApp -->
        <test-method signature="positiveLoginFunctionalityTestClickingSubmitBtn(java.lang.String,java.lang.String)[pri:0, instance:testPkg.LoginTest@62230c58]" started-at="2022-01-10T20:53:29 EST" name="positiveLoginFunctionalityTestClickingSubmitBtn" data-provider="positiveLoginData" finished-at="2022-01-10T20:53:33 EST" duration-ms="3935" status="PASS">
          <params>
            <param index="0">
              <value>
                <![CDATA[test]]>
              </value>
            </param>
            <param index="1">
              <value>
                <![CDATA[123]]>
              </value>
            </param>
          </params>
          <reporter-output>
          </reporter-output>
        </test-method> <!-- positiveLoginFunctionalityTestClickingSubmitBtn -->
        <test-method is-config="true" signature="closeBrowser()[pri:0, instance:testPkg.LoginTest@62230c58]" started-at="2022-01-10T20:53:33 EST" name="closeBrowser" finished-at="2022-01-10T20:53:33 EST" duration-ms="429" status="PASS">
          <reporter-output>
          </reporter-output>
        </test-method> <!-- closeBrowser -->
        <test-method is-config="true" signature="launchApp()[pri:0, instance:testPkg.LoginTest@62230c58]" started-at="2022-01-10T20:53:33 EST" name="launchApp" finished-at="2022-01-10T20:53:41 EST" duration-ms="7500" status="PASS">
          <reporter-output>
          </reporter-output>
        </test-method> <!-- launchApp -->
        <test-method signature="positiveLoginFunctionalityTestClickingSubmitBtn(java.lang.String,java.lang.String)[pri:0, instance:testPkg.LoginTest@62230c58]" started-at="2022-01-10T20:53:41 EST" name="positiveLoginFunctionalityTestClickingSubmitBtn" data-provider="positiveLoginData" finished-at="2022-01-10T20:53:44 EST" duration-ms="3268" status="PASS">
          <params>
            <param index="0">
              <value>
                <![CDATA[test12]]>
              </value>
            </param>
            <param index="1">
              <value>
                <![CDATA[123]]>
              </value>
            </param>
          </params>
          <reporter-output>
          </reporter-output>
        </test-method> <!-- positiveLoginFunctionalityTestClickingSubmitBtn -->
        <test-method is-config="true" signature="closeBrowser()[pri:0, instance:testPkg.LoginTest@62230c58]" started-at="2022-01-10T20:53:44 EST" name="closeBrowser" finished-at="2022-01-10T20:53:44 EST" duration-ms="444" status="PASS">
          <reporter-output>
          </reporter-output>
        </test-method> <!-- closeBrowser -->
        <test-method is-config="true" signature="launchApp()[pri:0, instance:testPkg.LoginTest@62230c58]" started-at="2022-01-10T20:53:44 EST" name="launchApp" finished-at="2022-01-10T20:53:51 EST" duration-ms="6258" status="PASS">
          <reporter-output>
          </reporter-output>
        </test-method> <!-- launchApp -->
        <test-method signature="positiveLoginFunctionalityTestClickingSubmitBtn(java.lang.String,java.lang.String)[pri:0, instance:testPkg.LoginTest@62230c58]" started-at="2022-01-10T20:53:51 EST" name="positiveLoginFunctionalityTestClickingSubmitBtn" data-provider="positiveLoginData" finished-at="2022-01-10T20:53:53 EST" duration-ms="1969" status="PASS">
          <params>
            <param index="0">
              <value>
                <![CDATA[test123]]>
              </value>
            </param>
            <param index="1">
              <value>
                <![CDATA[123]]>
              </value>
            </param>
          </params>
          <reporter-output>
          </reporter-output>
        </test-method> <!-- positiveLoginFunctionalityTestClickingSubmitBtn -->
        <test-method is-config="true" signature="closeBrowser()[pri:0, instance:testPkg.LoginTest@62230c58]" started-at="2022-01-10T20:53:53 EST" name="closeBrowser" finished-at="2022-01-10T20:53:53 EST" duration-ms="313" status="PASS">
          <reporter-output>
          </reporter-output>
        </test-method> <!-- closeBrowser -->
        <test-method is-config="true" signature="launchApp()[pri:0, instance:testPkg.LoginTest@62230c58]" started-at="2022-01-10T20:53:53 EST" name="launchApp" finished-at="2022-01-10T20:54:00 EST" duration-ms="6739" status="PASS">
          <reporter-output>
          </reporter-output>
        </test-method> <!-- launchApp -->
        <test-method signature="positiveLoginFunctionalityTestClickingSubmitBtn(java.lang.String,java.lang.String)[pri:0, instance:testPkg.LoginTest@62230c58]" started-at="2022-01-10T20:54:00 EST" name="positiveLoginFunctionalityTestClickingSubmitBtn" data-provider="positiveLoginData" finished-at="2022-01-10T20:54:02 EST" duration-ms="2607" status="PASS">
          <params>
            <param index="0">
              <value>
                <![CDATA[test1234]]>
              </value>
            </param>
            <param index="1">
              <value>
                <![CDATA[12345]]>
              </value>
            </param>
          </params>
          <reporter-output>
          </reporter-output>
        </test-method> <!-- positiveLoginFunctionalityTestClickingSubmitBtn -->
        <test-method is-config="true" signature="closeBrowser()[pri:0, instance:testPkg.LoginTest@62230c58]" started-at="2022-01-10T20:54:02 EST" name="closeBrowser" finished-at="2022-01-10T20:54:03 EST" duration-ms="333" status="PASS">
          <reporter-output>
          </reporter-output>
        </test-method> <!-- closeBrowser -->
        <test-method is-config="true" signature="launchApp()[pri:0, instance:testPkg.LoginTest@62230c58]" started-at="2022-01-10T20:54:03 EST" name="launchApp" finished-at="2022-01-10T20:54:09 EST" duration-ms="6779" status="PASS">
          <reporter-output>
          </reporter-output>
        </test-method> <!-- launchApp -->
        <test-method signature="positiveLoginFunctionalityTestClickingSubmitBtn(java.lang.String,java.lang.String)[pri:0, instance:testPkg.LoginTest@62230c58]" started-at="2022-01-10T20:54:09 EST" name="positiveLoginFunctionalityTestClickingSubmitBtn" data-provider="positiveLoginData" finished-at="2022-01-10T20:54:12 EST" duration-ms="2214" status="PASS">
          <params>
            <param index="0">
              <value>
                <![CDATA[test12345]]>
              </value>
            </param>
            <param index="1">
              <value>
                <![CDATA[123]]>
              </value>
            </param>
          </params>
          <reporter-output>
          </reporter-output>
        </test-method> <!-- positiveLoginFunctionalityTestClickingSubmitBtn -->
        <test-method is-config="true" signature="closeBrowser()[pri:0, instance:testPkg.LoginTest@62230c58]" started-at="2022-01-10T20:54:12 EST" name="closeBrowser" finished-at="2022-01-10T20:54:12 EST" duration-ms="357" status="PASS">
          <reporter-output>
          </reporter-output>
        </test-method> <!-- closeBrowser -->
      </class> <!-- testPkg.LoginTest -->
      <class name="testPkg.RegistrationTest">
        <test-method is-config="true" signature="launchApp()[pri:0, instance:testPkg.RegistrationTest@69997e9d]" started-at="2022-01-10T20:54:12 EST" name="launchApp" finished-at="2022-01-10T20:54:18 EST" duration-ms="6210" status="PASS">
          <reporter-output>
          </reporter-output>
        </test-method> <!-- launchApp -->
        <test-method signature="positiveRegistrationFunctionality(java.lang.String,java.lang.String)[pri:0, instance:testPkg.RegistrationTest@69997e9d]" started-at="2022-01-10T20:54:18 EST" name="positiveRegistrationFunctionality" data-provider="positiveRegistrationData" finished-at="2022-01-10T20:54:21 EST" duration-ms="3042" status="PASS">
          <params>
            <param index="0">
              <value>
                <![CDATA[test]]>
              </value>
            </param>
            <param index="1">
              <value>
                <![CDATA[123]]>
              </value>
            </param>
          </params>
          <reporter-output>
          </reporter-output>
        </test-method> <!-- positiveRegistrationFunctionality -->
        <test-method is-config="true" signature="closeBrowser()[pri:0, instance:testPkg.RegistrationTest@69997e9d]" started-at="2022-01-10T20:54:21 EST" name="closeBrowser" finished-at="2022-01-10T20:54:22 EST" duration-ms="524" status="PASS">
          <reporter-output>
          </reporter-output>
        </test-method> <!-- closeBrowser -->
        <test-method is-config="true" signature="launchApp()[pri:0, instance:testPkg.RegistrationTest@69997e9d]" started-at="2022-01-10T20:54:22 EST" name="launchApp" finished-at="2022-01-10T20:54:27 EST" duration-ms="5717" status="PASS">
          <reporter-output>
          </reporter-output>
        </test-method> <!-- launchApp -->
        <test-method signature="positiveRegistrationFunctionality(java.lang.String,java.lang.String)[pri:0, instance:testPkg.RegistrationTest@69997e9d]" started-at="2022-01-10T20:54:27 EST" name="positiveRegistrationFunctionality" data-provider="positiveRegistrationData" finished-at="2022-01-10T20:54:32 EST" duration-ms="4323" status="PASS">
          <params>
            <param index="0">
              <value>
                <![CDATA[test12]]>
              </value>
            </param>
            <param index="1">
              <value>
                <![CDATA[123]]>
              </value>
            </param>
          </params>
          <reporter-output>
          </reporter-output>
        </test-method> <!-- positiveRegistrationFunctionality -->
        <test-method is-config="true" signature="closeBrowser()[pri:0, instance:testPkg.RegistrationTest@69997e9d]" started-at="2022-01-10T20:54:32 EST" name="closeBrowser" finished-at="2022-01-10T20:54:32 EST" duration-ms="246" status="PASS">
          <reporter-output>
          </reporter-output>
        </test-method> <!-- closeBrowser -->
        <test-method is-config="true" signature="launchApp()[pri:0, instance:testPkg.RegistrationTest@69997e9d]" started-at="2022-01-10T20:54:32 EST" name="launchApp" finished-at="2022-01-10T20:54:37 EST" duration-ms="5205" status="PASS">
          <reporter-output>
          </reporter-output>
        </test-method> <!-- launchApp -->
        <test-method signature="positiveRegistrationFunctionality(java.lang.String,java.lang.String)[pri:0, instance:testPkg.RegistrationTest@69997e9d]" started-at="2022-01-10T20:54:37 EST" name="positiveRegistrationFunctionality" data-provider="positiveRegistrationData" finished-at="2022-01-10T20:54:42 EST" duration-ms="4450" status="PASS">
          <params>
            <param index="0">
              <value>
                <![CDATA[test123]]>
              </value>
            </param>
            <param index="1">
              <value>
                <![CDATA[123]]>
              </value>
            </param>
          </params>
          <reporter-output>
          </reporter-output>
        </test-method> <!-- positiveRegistrationFunctionality -->
        <test-method is-config="true" signature="closeBrowser()[pri:0, instance:testPkg.RegistrationTest@69997e9d]" started-at="2022-01-10T20:54:42 EST" name="closeBrowser" finished-at="2022-01-10T20:54:42 EST" duration-ms="364" status="PASS">
          <reporter-output>
          </reporter-output>
        </test-method> <!-- closeBrowser -->
        <test-method is-config="true" signature="launchApp()[pri:0, instance:testPkg.RegistrationTest@69997e9d]" started-at="2022-01-10T20:54:42 EST" name="launchApp" finished-at="2022-01-10T20:54:47 EST" duration-ms="5258" status="PASS">
          <reporter-output>
          </reporter-output>
        </test-method> <!-- launchApp -->
        <test-method signature="positiveRegistrationFunctionality(java.lang.String,java.lang.String)[pri:0, instance:testPkg.RegistrationTest@69997e9d]" started-at="2022-01-10T20:54:47 EST" name="positiveRegistrationFunctionality" data-provider="positiveRegistrationData" finished-at="2022-01-10T20:54:51 EST" duration-ms="4042" status="PASS">
          <params>
            <param index="0">
              <value>
                <![CDATA[test1234]]>
              </value>
            </param>
            <param index="1">
              <value>
                <![CDATA[12345]]>
              </value>
            </param>
          </params>
          <reporter-output>
          </reporter-output>
        </test-method> <!-- positiveRegistrationFunctionality -->
        <test-method is-config="true" signature="closeBrowser()[pri:0, instance:testPkg.RegistrationTest@69997e9d]" started-at="2022-01-10T20:54:51 EST" name="closeBrowser" finished-at="2022-01-10T20:54:52 EST" duration-ms="155" status="PASS">
          <reporter-output>
          </reporter-output>
        </test-method> <!-- closeBrowser -->
        <test-method is-config="true" signature="launchApp()[pri:0, instance:testPkg.RegistrationTest@69997e9d]" started-at="2022-01-10T20:54:52 EST" name="launchApp" finished-at="2022-01-10T20:54:57 EST" duration-ms="5642" status="PASS">
          <reporter-output>
          </reporter-output>
        </test-method> <!-- launchApp -->
        <test-method signature="positiveRegistrationFunctionality(java.lang.String,java.lang.String)[pri:0, instance:testPkg.RegistrationTest@69997e9d]" started-at="2022-01-10T20:54:57 EST" name="positiveRegistrationFunctionality" data-provider="positiveRegistrationData" finished-at="2022-01-10T20:55:03 EST" duration-ms="5961" status="PASS">
          <params>
            <param index="0">
              <value>
                <![CDATA[test12345]]>
              </value>
            </param>
            <param index="1">
              <value>
                <![CDATA[123]]>
              </value>
            </param>
          </params>
          <reporter-output>
          </reporter-output>
        </test-method> <!-- positiveRegistrationFunctionality -->
        <test-method is-config="true" signature="closeBrowser()[pri:0, instance:testPkg.RegistrationTest@69997e9d]" started-at="2022-01-10T20:55:03 EST" name="closeBrowser" finished-at="2022-01-10T20:55:09 EST" duration-ms="6230" status="PASS">
          <reporter-output>
          </reporter-output>
        </test-method> <!-- closeBrowser -->
      </class> <!-- testPkg.RegistrationTest -->
    </test> <!-- Regression Test -->
  </suite> <!-- Regression Suite -->
</testng-results>
